# JRE version: Java(TM) SE Runtime Environment (8.0_31-b13) (build 1.8.0_31-b13)
# Java VM: Java HotSpot(TM) 64-Bit Server VM (25.31-b07 mixed mode windows-amd64 compressed oops)
Heap:
 PSYoungGen      total 232960K, used 137549K [0x000000076b600000, 0x000000077fa00000, 0x00000007c0000000)
  eden space 223232K, 57% used [0x000000076b600000,0x0000000773319c78,0x0000000779000000)
  from space 9728K, 97% used [0x0000000779500000,0x0000000779e39788,0x0000000779e80000)
  to   space 54272K, 0% used [0x000000077c500000,0x000000077c500000,0x000000077fa00000)
 ParOldGen       total 342528K, used 89924K [0x00000006c2200000, 0x00000006d7080000, 0x000000076b600000)
  object space 342528K, 26% used [0x00000006c2200000,0x00000006c79d13d0,0x00000006d7080000)
 Metaspace       used 93142K, capacity 98196K, committed 98380K, reserved 1136640K
  class space    used 10686K, capacity 11593K, committed 11648K, reserved 1048576K
GC Heap History (10 events):
Event: 667.935 GC heap before
{Heap before GC invocations=32 (full 3):
 PSYoungGen      total 293376K, used 280840K [0x000000076b600000, 0x0000000780e00000, 0x00000007c0000000)
  eden space 249856K, 100% used [0x000000076b600000,0x000000077aa00000,0x000000077aa00000)
  from space 43520K, 71% used [0x000000077e380000,0x00000007801c2160,0x0000000780e00000)
  to   space 51200K, 0% used [0x000000077aa00000,0x000000077aa00000,0x000000077dc00000)
 ParOldGen       total 342528K, used 65845K [0x00000006c2200000, 0x00000006d7080000, 0x000000076b600000)
  object space 342528K, 19% used [0x00000006c2200000,0x00000006c624d7b8,0x00000006d7080000)
 Metaspace       used 93023K, capacity 98052K, committed 98136K, reserved 1136640K
  class space    used 10671K, capacity 11569K, committed 11648K, reserved 1048576K
Event: 667.951 GC heap after
Heap after GC invocations=32 (full 3):
 PSYoungGen      total 253952K, used 9553K [0x000000076b600000, 0x0000000780c80000, 0x00000007c0000000)
  eden space 244224K, 0% used [0x000000076b600000,0x000000076b600000,0x000000077a480000)
  from space 9728K, 98% used [0x000000077aa00000,0x000000077b354668,0x000000077b380000)
  to   space 53248K, 0% used [0x000000077d880000,0x000000077d880000,0x0000000780c80000)
 ParOldGen       total 342528K, used 86948K [0x00000006c2200000, 0x00000006d7080000, 0x000000076b600000)
  object space 342528K, 25% used [0x00000006c2200000,0x00000006c76e93b0,0x00000006d7080000)
 Metaspace       used 93023K, capacity 98052K, committed 98136K, reserved 1136640K
  class space    used 10671K, capacity 11569K, committed 11648K, reserved 1048576K
}
Event: 712.032 GC heap before
{Heap before GC invocations=33 (full 3):
 PSYoungGen      total 253952K, used 253777K [0x000000076b600000, 0x0000000780c80000, 0x00000007c0000000)
  eden space 244224K, 100% used [0x000000076b600000,0x000000077a480000,0x000000077a480000)
  from space 9728K, 98% used [0x000000077aa00000,0x000000077b354668,0x000000077b380000)
  to   space 53248K, 0% used [0x000000077d880000,0x000000077d880000,0x0000000780c80000)
 ParOldGen       total 342528K, used 86948K [0x00000006c2200000, 0x00000006d7080000, 0x000000076b600000)
  object space 342528K, 25% used [0x00000006c2200000,0x00000006c76e93b0,0x00000006d7080000)
 Metaspace       used 93095K, capacity 98130K, committed 98380K, reserved 1136640K
  class space    used 10680K, capacity 11582K, committed 11648K, reserved 1048576K
Event: 712.041 GC heap after
Heap after GC invocations=33 (full 3):
 PSYoungGen      total 288256K, used 9316K [0x000000076b600000, 0x0000000780900000, 0x00000007c0000000)
  eden space 238592K, 0% used [0x000000076b600000,0x000000076b600000,0x0000000779f00000)
  from space 49664K, 18% used [0x000000077d880000,0x000000077e199398,0x0000000780900000)
  to   space 54272K, 0% used [0x0000000779f00000,0x0000000779f00000,0x000000077d400000)
 ParOldGen       total 342528K, used 89468K [0x00000006c2200000, 0x00000006d7080000, 0x000000076b600000)
  object space 342528K, 26% used [0x00000006c2200000,0x00000006c795f3b0,0x00000006d7080000)
 Metaspace       used 93095K, capacity 98130K, committed 98380K, reserved 1136640K
  class space    used 10680K, capacity 11582K, committed 11648K, reserved 1048576K
}
Event: 754.745 GC heap before
{Heap before GC invocations=34 (full 3):
 PSYoungGen      total 288256K, used 247908K [0x000000076b600000, 0x0000000780900000, 0x00000007c0000000)
  eden space 238592K, 100% used [0x000000076b600000,0x0000000779f00000,0x0000000779f00000)
  from space 49664K, 18% used [0x000000077d880000,0x000000077e199398,0x0000000780900000)
  to   space 54272K, 0% used [0x0000000779f00000,0x0000000779f00000,0x000000077d400000)
 ParOldGen       total 342528K, used 89468K [0x00000006c2200000, 0x00000006d7080000, 0x000000076b600000)
  object space 342528K, 26% used [0x00000006c2200000,0x00000006c795f3b0,0x00000006d7080000)
 Metaspace       used 93097K, capacity 98130K, committed 98380K, reserved 1136640K
  class space    used 10680K, capacity 11582K, committed 11648K, reserved 1048576K
Event: 754.754 GC heap after
Heap after GC invocations=34 (full 3):
 PSYoungGen      total 243712K, used 9848K [0x000000076b600000, 0x0000000780500000, 0x00000007c0000000)
  eden space 233472K, 0% used [0x000000076b600000,0x000000076b600000,0x0000000779a00000)
  from space 10240K, 96% used [0x0000000779f00000,0x000000077a89e2b8,0x000000077a900000)
  to   space 54784K, 0% used [0x000000077cf80000,0x000000077cf80000,0x0000000780500000)
 ParOldGen       total 342528K, used 89556K [0x00000006c2200000, 0x00000006d7080000, 0x000000076b600000)
  object space 342528K, 26% used [0x00000006c2200000,0x00000006c79753b0,0x00000006d7080000)
 Metaspace       used 93097K, capacity 98130K, committed 98380K, reserved 1136640K
  class space    used 10680K, capacity 11582K, committed 11648K, reserved 1048576K
}
Event: 786.455 GC heap before
{Heap before GC invocations=35 (full 3):
 PSYoungGen      total 243712K, used 243320K [0x000000076b600000, 0x0000000780500000, 0x00000007c0000000)
  eden space 233472K, 100% used [0x000000076b600000,0x0000000779a00000,0x0000000779a00000)
  from space 10240K, 96% used [0x0000000779f00000,0x000000077a89e2b8,0x000000077a900000)
  to   space 54784K, 0% used [0x000000077cf80000,0x000000077cf80000,0x0000000780500000)
 ParOldGen       total 342528K, used 89556K [0x00000006c2200000, 0x00000006d7080000, 0x000000076b600000)
  object space 342528K, 26% used [0x00000006c2200000,0x00000006c79753b0,0x00000006d7080000)
 Metaspace       used 93097K, capacity 98130K, committed 98380K, reserved 1136640K
  class space    used 10680K, capacity 11582K, committed 11648K, reserved 1048576K
Event: 786.462 GC heap after
Heap after GC invocations=35 (full 3):
 PSYoungGen      total 276992K, used 11578K [0x000000076b600000, 0x000000077ff00000, 0x00000007c0000000)
  eden space 228352K, 0% used [0x000000076b600000,0x000000076b600000,0x0000000779500000)
  from space 48640K, 23% used [0x000000077cf80000,0x000000077dace850,0x000000077ff00000)
  to   space 54272K, 0% used [0x0000000779500000,0x0000000779500000,0x000000077ca00000)
 ParOldGen       total 342528K, used 89884K [0x00000006c2200000, 0x00000006d7080000, 0x000000076b600000)
  object space 342528K, 26% used [0x00000006c2200000,0x00000006c79c73d0,0x00000006d7080000)
 Metaspace       used 93097K, capacity 98130K, committed 98380K, reserved 1136640K
  class space    used 10680K, capacity 11582K, committed 11648K, reserved 1048576K
}
Event: 815.767 GC heap before
{Heap before GC invocations=36 (full 3):
 PSYoungGen      total 276992K, used 239930K [0x000000076b600000, 0x000000077ff00000, 0x00000007c0000000)
  eden space 228352K, 100% used [0x000000076b600000,0x0000000779500000,0x0000000779500000)
  from space 48640K, 23% used [0x000000077cf80000,0x000000077dace850,0x000000077ff00000)
  to   space 54272K, 0% used [0x0000000779500000,0x0000000779500000,0x000000077ca00000)
 ParOldGen       total 342528K, used 89884K [0x00000006c2200000, 0x00000006d7080000, 0x000000076b600000)
  object space 342528K, 26% used [0x00000006c2200000,0x00000006c79c73d0,0x00000006d7080000)
 Metaspace       used 93118K, capacity 98148K, committed 98380K, reserved 1136640K
  class space    used 10682K, capacity 11585K, committed 11648K, reserved 1048576K
Event: 815.773 GC heap after
Heap after GC invocations=36 (full 3):
 PSYoungGen      total 232960K, used 9445K [0x000000076b600000, 0x000000077fa00000, 0x00000007c0000000)
  eden space 223232K, 0% used [0x000000076b600000,0x000000076b600000,0x0000000779000000)
  from space 9728K, 97% used [0x0000000779500000,0x0000000779e39788,0x0000000779e80000)
  to   space 54272K, 0% used [0x000000077c500000,0x000000077c500000,0x000000077fa00000)
 ParOldGen       total 342528K, used 89924K [0x00000006c2200000, 0x00000006d7080000, 0x000000076b600000)
  object space 342528K, 26% used [0x00000006c2200000,0x00000006c79d13d0,0x00000006d7080000)
 Metaspace       used 93118K, capacity 98148K, committed 98380K, reserved 1136640K
  class space    used 10682K, capacity 11585K, committed 11648K, reserved 1048576K
}

