# JRE version: Java(TM) SE Runtime Environment (8.0_31-b13) (build 1.8.0_31-b13)
# Java VM: Java HotSpot(TM) 64-Bit Server VM (25.31-b07 mixed mode windows-amd64 compressed oops)
Heap:
 PSYoungGen      total 376832K, used 324285K [0x000000076b600000, 0x0000000786b80000, 0x00000007c0000000)
  eden space 350208K, 85% used [0x000000076b600000,0x000000077d9141a8,0x0000000780c00000)
  from space 26624K, 98% used [0x0000000780c00000,0x000000078259b270,0x0000000782600000)
  to   space 29184K, 0% used [0x0000000784f00000,0x0000000784f00000,0x0000000786b80000)
 ParOldGen       total 328704K, used 51668K [0x00000006c2200000, 0x00000006d6300000, 0x000000076b600000)
  object space 328704K, 15% used [0x00000006c2200000,0x00000006c54752b0,0x00000006d6300000)
 Metaspace       used 81832K, capacity 85350K, committed 85464K, reserved 1124352K
  class space    used 9525K, capacity 10157K, committed 10240K, reserved 1048576K
GC Heap History (10 events):
Event: 7.532 GC heap before
{Heap before GC invocations=10 (full 2):
 PSYoungGen      total 268288K, used 186318K [0x000000076b600000, 0x0000000781f80000, 0x00000007c0000000)
  eden space 241152K, 69% used [0x000000076b600000,0x0000000775961ce0,0x000000077a180000)
  from space 27136K, 70% used [0x000000077a180000,0x000000077b411ed8,0x000000077bc00000)
  to   space 27136K, 0% used [0x0000000780500000,0x0000000780500000,0x0000000781f80000)
 ParOldGen       total 237568K, used 39410K [0x00000006c2200000, 0x00000006d0a00000, 0x000000076b600000)
  object space 237568K, 16% used [0x00000006c2200000,0x00000006c487cb50,0x00000006d0a00000)
 Metaspace       used 57102K, capacity 58876K, committed 59028K, reserved 1101824K
  class space    used 6953K, capacity 7334K, committed 7424K, reserved 1048576K
Event: 7.547 GC heap after
Heap after GC invocations=10 (full 2):
 PSYoungGen      total 333824K, used 19437K [0x000000076b600000, 0x0000000781b80000, 0x00000007c0000000)
  eden space 310784K, 0% used [0x000000076b600000,0x000000076b600000,0x000000077e580000)
  from space 23040K, 84% used [0x0000000780500000,0x00000007817fb740,0x0000000781b80000)
  to   space 27648K, 0% used [0x000000077e580000,0x000000077e580000,0x0000000780080000)
 ParOldGen       total 237568K, used 39418K [0x00000006c2200000, 0x00000006d0a00000, 0x000000076b600000)
  object space 237568K, 16% used [0x00000006c2200000,0x00000006c487eb50,0x00000006d0a00000)
 Metaspace       used 57102K, capacity 58876K, committed 59028K, reserved 1101824K
  class space    used 6953K, capacity 7334K, committed 7424K, reserved 1048576K
}
Event: 7.547 GC heap before
{Heap before GC invocations=11 (full 3):
 PSYoungGen      total 333824K, used 19437K [0x000000076b600000, 0x0000000781b80000, 0x00000007c0000000)
  eden space 310784K, 0% used [0x000000076b600000,0x000000076b600000,0x000000077e580000)
  from space 23040K, 84% used [0x0000000780500000,0x00000007817fb740,0x0000000781b80000)
  to   space 27648K, 0% used [0x000000077e580000,0x000000077e580000,0x0000000780080000)
 ParOldGen       total 237568K, used 39418K [0x00000006c2200000, 0x00000006d0a00000, 0x000000076b600000)
  object space 237568K, 16% used [0x00000006c2200000,0x00000006c487eb50,0x00000006d0a00000)
 Metaspace       used 57102K, capacity 58876K, committed 59028K, reserved 1101824K
  class space    used 6953K, capacity 7334K, committed 7424K, reserved 1048576K
Event: 7.749 GC heap after
Heap after GC invocations=11 (full 3):
 PSYoungGen      total 333824K, used 0K [0x000000076b600000, 0x0000000781b80000, 0x00000007c0000000)
  eden space 310784K, 0% used [0x000000076b600000,0x000000076b600000,0x000000077e580000)
  from space 23040K, 0% used [0x0000000780500000,0x0000000780500000,0x0000000781b80000)
  to   space 27648K, 0% used [0x000000077e580000,0x000000077e580000,0x0000000780080000)
 ParOldGen       total 328704K, used 51644K [0x00000006c2200000, 0x00000006d6300000, 0x000000076b600000)
  object space 328704K, 15% used [0x00000006c2200000,0x00000006c546f2b0,0x00000006d6300000)
 Metaspace       used 57102K, capacity 58876K, committed 59028K, reserved 1101824K
  class space    used 6953K, capacity 7334K, committed 7424K, reserved 1048576K
}
Event: 10.329 GC heap before
{Heap before GC invocations=12 (full 3):
 PSYoungGen      total 333824K, used 310784K [0x000000076b600000, 0x0000000781b80000, 0x00000007c0000000)
  eden space 310784K, 100% used [0x000000076b600000,0x000000077e580000,0x000000077e580000)
  from space 23040K, 0% used [0x0000000780500000,0x0000000780500000,0x0000000781b80000)
  to   space 27648K, 0% used [0x000000077e580000,0x000000077e580000,0x0000000780080000)
 ParOldGen       total 328704K, used 51644K [0x00000006c2200000, 0x00000006d6300000, 0x000000076b600000)
  object space 328704K, 15% used [0x00000006c2200000,0x00000006c546f2b0,0x00000006d6300000)
 Metaspace       used 64773K, capacity 66770K, committed 67032K, reserved 1107968K
  class space    used 7754K, capacity 8175K, committed 8192K, reserved 1048576K
Event: 10.339 GC heap after
Heap after GC invocations=12 (full 3):
 PSYoungGen      total 338432K, used 12772K [0x000000076b600000, 0x0000000784700000, 0x00000007c0000000)
  eden space 310784K, 0% used [0x000000076b600000,0x000000076b600000,0x000000077e580000)
  from space 27648K, 46% used [0x000000077e580000,0x000000077f1f91d0,0x0000000780080000)
  to   space 27136K, 0% used [0x0000000782c80000,0x0000000782c80000,0x0000000784700000)
 ParOldGen       total 328704K, used 51652K [0x00000006c2200000, 0x00000006d6300000, 0x000000076b600000)
  object space 328704K, 15% used [0x00000006c2200000,0x00000006c54712b0,0x00000006d6300000)
 Metaspace       used 64773K, capacity 66770K, committed 67032K, reserved 1107968K
  class space    used 7754K, capacity 8175K, committed 8192K, reserved 1048576K
}
Event: 12.763 GC heap before
{Heap before GC invocations=13 (full 3):
 PSYoungGen      total 338432K, used 323556K [0x000000076b600000, 0x0000000784700000, 0x00000007c0000000)
  eden space 310784K, 100% used [0x000000076b600000,0x000000077e580000,0x000000077e580000)
  from space 27648K, 46% used [0x000000077e580000,0x000000077f1f91d0,0x0000000780080000)
  to   space 27136K, 0% used [0x0000000782c80000,0x0000000782c80000,0x0000000784700000)
 ParOldGen       total 328704K, used 51652K [0x00000006c2200000, 0x00000006d6300000, 0x000000076b600000)
  object space 328704K, 15% used [0x00000006c2200000,0x00000006c54712b0,0x00000006d6300000)
 Metaspace       used 70502K, capacity 73784K, committed 73944K, reserved 1114112K
  class space    used 8358K, capacity 8960K, committed 8960K, reserved 1048576K
Event: 12.774 GC heap after
Heap after GC invocations=13 (full 3):
 PSYoungGen      total 370176K, used 17005K [0x000000076b600000, 0x0000000784000000, 0x00000007c0000000)
  eden space 350208K, 0% used [0x000000076b600000,0x000000076b600000,0x0000000780c00000)
  from space 19968K, 85% used [0x0000000782c80000,0x0000000783d1b7b0,0x0000000784000000)
  to   space 26624K, 0% used [0x0000000780c00000,0x0000000780c00000,0x0000000782600000)
 ParOldGen       total 328704K, used 51660K [0x00000006c2200000, 0x00000006d6300000, 0x000000076b600000)
  object space 328704K, 15% used [0x00000006c2200000,0x00000006c54732b0,0x00000006d6300000)
 Metaspace       used 70502K, capacity 73784K, committed 73944K, reserved 1114112K
  class space    used 8358K, capacity 8960K, committed 8960K, reserved 1048576K
}
Event: 15.442 GC heap before
{Heap before GC invocations=14 (full 3):
 PSYoungGen      total 370176K, used 367213K [0x000000076b600000, 0x0000000784000000, 0x00000007c0000000)
  eden space 350208K, 100% used [0x000000076b600000,0x0000000780c00000,0x0000000780c00000)
  from space 19968K, 85% used [0x0000000782c80000,0x0000000783d1b7b0,0x0000000784000000)
  to   space 26624K, 0% used [0x0000000780c00000,0x0000000780c00000,0x0000000782600000)
 ParOldGen       total 328704K, used 51660K [0x00000006c2200000, 0x00000006d6300000, 0x000000076b600000)
  object space 328704K, 15% used [0x00000006c2200000,0x00000006c54732b0,0x00000006d6300000)
 Metaspace       used 74651K, capacity 77952K, committed 78296K, reserved 1118208K
  class space    used 8819K, capacity 9412K, committed 9472K, reserved 1048576K
Event: 15.457 GC heap after
Heap after GC invocations=14 (full 3):
 PSYoungGen      total 376832K, used 26220K [0x000000076b600000, 0x0000000786b80000, 0x00000007c0000000)
  eden space 350208K, 0% used [0x000000076b600000,0x000000076b600000,0x0000000780c00000)
  from space 26624K, 98% used [0x0000000780c00000,0x000000078259b270,0x0000000782600000)
  to   space 29184K, 0% used [0x0000000784f00000,0x0000000784f00000,0x0000000786b80000)
 ParOldGen       total 328704K, used 51668K [0x00000006c2200000, 0x00000006d6300000, 0x000000076b600000)
  object space 328704K, 15% used [0x00000006c2200000,0x00000006c54752b0,0x00000006d6300000)
 Metaspace       used 74651K, capacity 77952K, committed 78296K, reserved 1118208K
  class space    used 8819K, capacity 9412K, committed 9472K, reserved 1048576K
}

